<?xml version="1.0" encoding="utf-8"?><testsuites name="pytest tests"><testsuite name="pytest" errors="0" failures="0" skipped="0" tests="15" time="5.061" timestamp="2026-09-08T15:55:23.924202+00:00" hostname="agent-env-74edaef6-71e1-4547-85c0-df8dcbb35b30"><testcase classname="backend.tests.test_seed_idempotency.TestSeedIdempotency" name="test_seed_is_idempotent_and_preserves_user_data" time="3.360" /><testcase classname="backend.tests.test_seed_idempotency.TestSeedIdempotency" name="test_backend_log_contains_no_new_spells_to_seed" time="0.005" /><testcase classname="backend.tests.test_seed_idempotency.TestExistingEndpointsStillWork" name="test_get_spells_meta" time="0.052" /><testcase classname="backend.tests.test_seed_idempotency.TestExistingEndpointsStillWork" name="test_get_spells_suggestions" time="0.053" /><testcase classname="backend.tests.test_seed_idempotency.TestExistingEndpointsStillWork" name="test_full_crud_cycle" time="0.292" /><testcase classname="backend.tests.test_spells_api.TestBackfillPallaDiFuoco" name="test_palla_di_fuoco_visible_via_search" time="0.126" /><testcase classname="backend.tests.test_spells_api.TestParseLivelloBothOrdinals" name="test_create_with_masculine_ordinal_U00BA" time="0.054" /><testcase classname="backend.tests.test_spells_api.TestParseLivelloBothOrdinals" name="test_create_with_degree_sign_U00B0" time="0.056" /><testcase classname="backend.tests.test_spells_api.TestParseLivelloBothOrdinals" name="test_patch_updates_livello_num_when_ordinal_char_used" time="0.480" /><testcase classname="backend.tests.test_spells_api.TestSuggestionsEndpoint" name="test_suggestions_shape_and_scuole" time="0.066" /><testcase classname="backend.tests.test_spells_api.TestSuggestionsEndpoint" name="test_suggestions_no_empty_strings" time="0.059" /><testcase classname="backend.tests.test_spells_api.TestDeleteEndpoint" name="test_delete_returns_204_and_then_404" time="0.198" /><testcase classname="backend.tests.test_spells_api.TestDeleteEndpoint" name="test_delete_nonexistent_returns_404" time="0.044" /><testcase classname="backend.tests.test_spells_api.TestNoObjectIdLeak" name="test_list_no_underscore_id" time="0.045" /><testcase classname="backend.tests.test_spells_api.TestNoObjectIdLeak" name="test_detail_no_underscore_id" time="0.097" /></testsuite></testsuites>