<?xml version="1.0" encoding="utf-8"?><testsuites name="pytest tests"><testsuite name="pytest" errors="0" failures="0" skipped="0" tests="10" time="0.963" timestamp="2026-07-09T17:01:41.449971+00:00" hostname="agent-env-74edaef6-71e1-4547-85c0-df8dcbb35b30"><testcase classname="backend.tests.test_spells_api.TestHealth" name="test_root_ok" time="0.134" /><testcase classname="backend.tests.test_spells_api.TestSpellsList" name="test_list_returns_84_spells" time="0.156" /><testcase classname="backend.tests.test_spells_api.TestSpellsList" name="test_spell_shape_and_no_mongo_id" time="0.049" /><testcase classname="backend.tests.test_spells_api.TestSpellsList" name="test_search_query_aculeo" time="0.043" /><testcase classname="backend.tests.test_spells_api.TestSpellsList" name="test_search_case_insensitive" time="0.126" /><testcase classname="backend.tests.test_spells_api.TestSpellsList" name="test_filter_livello_0_cantrips" time="0.051" /><testcase classname="backend.tests.test_spells_api.TestSpellsList" name="test_filter_scuola_divinazione" time="0.045" /><testcase classname="backend.tests.test_spells_api.TestSpellsList" name="test_filter_classe_mago" time="0.045" /><testcase classname="backend.tests.test_spells_api.TestMeta" name="test_meta_shape" time="0.086" /><testcase classname="backend.tests.test_spells_api.TestSpellDetail" name="test_get_by_id_and_404" time="0.168" /></testsuite></testsuites>