<?xml version="1.0" encoding="utf-8"?><testsuites name="pytest tests"><testsuite name="pytest" errors="0" failures="0" skipped="0" tests="5" time="3.646" timestamp="2026-09-08T15:55:13.776952+00:00" hostname="agent-env-74edaef6-71e1-4547-85c0-df8dcbb35b30"><testcase classname="backend.tests.test_seed_idempotency.TestSeedIdempotency" name="test_seed_is_idempotent_and_preserves_user_data" time="3.159" /><testcase classname="backend.tests.test_seed_idempotency.TestSeedIdempotency" name="test_backend_log_contains_no_new_spells_to_seed" time="0.005" /><testcase classname="backend.tests.test_seed_idempotency.TestExistingEndpointsStillWork" name="test_get_spells_meta" time="0.045" /><testcase classname="backend.tests.test_seed_idempotency.TestExistingEndpointsStillWork" name="test_get_spells_suggestions" time="0.051" /><testcase classname="backend.tests.test_seed_idempotency.TestExistingEndpointsStillWork" name="test_full_crud_cycle" time="0.263" /></testsuite></testsuites>